[10 days ago] af26e44  (HEAD -> release/3.2.2.patch1) HOR-4446 <Roly Rudy Gutierrez Pinto>
[6 weeks ago] 3212c0f  (origin/bugfix/HOR-4378) HOR-4378 <Julio Cesar Laura Avendaño>
[6 weeks ago] ef2e571  (origin/bugfix/HOR-4372) HOR-4372 <Paula Quispe>
[6 weeks ago] a7de8d4  HOR-4369 When importing a custom plugin, it is imported with the status enabled. <Marco Antonio Nina Mena>
[7 weeks ago] a86f0b0  (origin/bugfix/HOR-4348) HOR-4348 <Julio Cesar Laura Avendaño>
[7 weeks ago] a844275  (origin/bugfix/HOR-4353) HOR-4353 <Julio Cesar Laura Avendaño>
[8 weeks ago] 2dcdd91  (origin/feature/FBI-2317) FBI-2317 Update composer in the branch release/3.2.2 <dheeyi william>
[9 weeks ago] 32ce817  (origin/bugfix/HOR-4328) HOR-4328 <Paula Quispe>
[9 weeks ago] 9ee4f0c  HOR-4323 <Roly Rudy Gutierrez Pinto>
[9 weeks ago] eeb01f5  (origin/bugfix/HOR-4283) HOR-4283 <Paula Quispe>
[9 weeks ago] 06d6684  (origin/bugfix/HOR-4317) HOR-4317 <Paula Quispe>
[10 weeks ago] 5725255  HOR-4300 It is not possible to import plugin <Marco Antonio Nina Mena>
[2 months ago] 1136af0  HOR-4284 <Roly Rudy Gutierrez Pinto>
[2 months ago] 3ef4ebe  HOR-4284 <Roly Rudy Gutierrez Pinto>
[2 months ago] 74e3647  HOR-4284 <Roly Rudy Gutierrez Pinto>
[2 months ago] 87215e3  HOR-4280 <dante>
[2 months ago] 9b995f1  FBI-2251:(Admin > Settings > Case List Cache Builder) We can not expand the option Setup MySql Root Password in Safari <Rodrigo Quelca>
[2 months ago] 12f25d8  HOR-4278 Unable to init session by "sid" option <Marco Antonio Nina Mena>
[2 months ago] 5963498  (origin/bugfix/HOR-4252) HOR-4273 <Paula Quispe>
[3 months ago] 5190aa2  Fix CR <Marco Antonio Nina Mena>
[3 months ago] 0a8b98f  HOR-4273 It is not possible to download the Support information in 'enterprise manager' <Marco Antonio Nina Mena>
[3 months ago] 993017e  HOR-4266 <dante>
[3 months ago] 1981226  Delete line <Marco Antonio Nina Mena>
[3 months ago] f76c586  HOR-4265 Self-service value based assignment is not working using an array for the value of the variable <Marco Antonio Nina Mena>
[3 months ago] ba7cfee  (origin/bugfix/HOR-4268) HOR-4212 <Roly Rudy Gutierrez Pinto>
[3 months ago] 6900dc6  Fix CR <Marco Antonio Nina Mena>
[3 months ago] 62666b8  (origin/bugfix/HOR-4236) HOR-4236 <Roly Rudy Gutierrez Pinto>
[3 months ago] 32d18b6  HOR-4232 After the upgrade to version 3.2.2 the login is seen with the classic skin <Marco Antonio Nina Mena>
[3 months ago] 788ed60  (origin/bugfix/HOR-4233) HOR-4233 <Paula Quispe>
[3 months ago] f20eb0d  (origin/bugfix/HOR-4229) HOR-4229 <Paula Quispe>
